<?xml version="1.0" ?>
<!DOCTYPE coverage SYSTEM "http://cobertura.sourceforge.net/xml/coverage-04.dtd">
<coverage lines-valid="181" lines-covered="174" line-rate="0.9612999999999999" branches-valid="51" branches-covered="47" branch-rate="0.9216" timestamp="1621499518315" complexity="0" version="0.1">
  <sources>
    <source>/home/runner/work/tssrp6a/tssrp6a</source>
  </sources>
  <packages>
    <class name="crossEnvCrypto.ts" filename="src/crossEnvCrypto.ts" line-rate="0.5" branch-rate="0.4286">
      <methods>
        <method name="(anonymous_0)" hits="0" signature="()V">
          <lines>
            <line number="23" hits="0"/>
          </lines>
        </method>
        <method name="(anonymous_1)" hits="0" signature="()V">
          <lines>
            <line number="23" hits="0"/>
          </lines>
        </method>
        <method name="(anonymous_2)" hits="4" signature="()V">
          <lines>
            <line number="39" hits="4"/>
          </lines>
        </method>
        <method name="(anonymous_3)" hits="363" signature="()V">
          <lines>
            <line number="39" hits="363"/>
          </lines>
        </method>
      </methods>
      <lines>
        <line number="10" hits="1" branch="false"/>
        <line number="12" hits="1" branch="true" condition-coverage="66.66666666666666% (2/3)"/>
        <line number="16" hits="1" branch="true" condition-coverage="50% (1/2)"/>
        <line number="17" hits="0" branch="true" condition-coverage="0% (0/2)"/>
        <line number="18" hits="0" branch="false"/>
        <line number="23" hits="0" branch="false"/>
        <line number="24" hits="0" branch="false"/>
        <line number="25" hits="0" branch="false"/>
        <line number="37" hits="1" branch="false"/>
        <line number="39" hits="4" branch="false"/>
        <line number="40" hits="363" branch="false"/>
        <line number="42" hits="1" branch="false"/>
        <line number="53" hits="0" branch="false"/>
        <line number="54" hits="0" branch="false"/>
      </lines>
    </class>
    <class name="parameters.ts" filename="src/parameters.ts" line-rate="1" branch-rate="1">
      <methods>
        <method name="(anonymous_0)" hits="21" signature="()V">
          <lines>
            <line number="17" hits="21"/>
          </lines>
        </method>
      </methods>
      <lines>
        <line number="1" hits="1" branch="false"/>
        <line number="10" hits="1" branch="false"/>
        <line number="18" hits="21" branch="true" condition-coverage="100% (1/1)"/>
        <line number="19" hits="21" branch="true" condition-coverage="100% (1/1)"/>
        <line number="21" hits="21" branch="false"/>
        <line number="23" hits="21" branch="true" condition-coverage="100% (2/2)"/>
        <line number="24" hits="1" branch="false"/>
        <line number="29" hits="1" branch="false"/>
        <line number="68" hits="1" branch="false"/>
      </lines>
    </class>
    <class name="routines.ts" filename="src/routines.ts" line-rate="1" branch-rate="1">
      <methods>
        <method name="(anonymous_7)" hits="17" signature="()V">
          <lines>
            <line number="23" hits="17"/>
          </lines>
        </method>
        <method name="(anonymous_8)" hits="219" signature="()V">
          <lines>
            <line number="25" hits="219"/>
          </lines>
        </method>
        <method name="(anonymous_9)" hits="117" signature="()V">
          <lines>
            <line number="29" hits="117"/>
          </lines>
        </method>
        <method name="(anonymous_10)" hits="61" signature="()V">
          <lines>
            <line number="34" hits="61"/>
          </lines>
        </method>
        <method name="(anonymous_12)" hits="23" signature="()V">
          <lines>
            <line number="43" hits="23"/>
          </lines>
        </method>
        <method name="(anonymous_14)" hits="27" signature="()V">
          <lines>
            <line number="51" hits="27"/>
          </lines>
        </method>
        <method name="(anonymous_16)" hits="30" signature="()V">
          <lines>
            <line number="60" hits="30"/>
          </lines>
        </method>
        <method name="(anonymous_18)" hits="52" signature="()V">
          <lines>
            <line number="69" hits="52"/>
          </lines>
        </method>
        <method name="(anonymous_20)" hits="26" signature="()V">
          <lines>
            <line number="73" hits="26"/>
          </lines>
        </method>
        <method name="(anonymous_21)" hits="54" signature="()V">
          <lines>
            <line number="81" hits="54"/>
          </lines>
        </method>
        <method name="(anonymous_22)" hits="29" signature="()V">
          <lines>
            <line number="92" hits="29"/>
          </lines>
        </method>
        <method name="(anonymous_23)" hits="27" signature="()V">
          <lines>
            <line number="100" hits="27"/>
          </lines>
        </method>
        <method name="(anonymous_24)" hits="56" signature="()V">
          <lines>
            <line number="104" hits="56"/>
          </lines>
        </method>
        <method name="(anonymous_26)" hits="55" signature="()V">
          <lines>
            <line number="110" hits="55"/>
          </lines>
        </method>
        <method name="(anonymous_28)" hits="49" signature="()V">
          <lines>
            <line number="126" hits="49"/>
          </lines>
        </method>
        <method name="(anonymous_30)" hits="29" signature="()V">
          <lines>
            <line number="140" hits="29"/>
          </lines>
        </method>
      </methods>
      <lines>
        <line number="1" hits="1" branch="false"/>
        <line number="3" hits="1" branch="false"/>
        <line number="22" hits="1" branch="false"/>
        <line number="23" hits="17" branch="false"/>
        <line number="26" hits="219" branch="false"/>
        <line number="30" hits="117" branch="false"/>
        <line number="31" hits="117" branch="false"/>
        <line number="35" hits="61" branch="false"/>
        <line number="44" hits="23" branch="false"/>
        <line number="47" hits="23" branch="true" condition-coverage="100% (2/2)"/>
        <line number="48" hits="23" branch="false"/>
        <line number="52" hits="27" branch="false"/>
        <line number="64" hits="30" branch="false"/>
        <line number="70" hits="52" branch="false"/>
        <line number="74" hits="26" branch="false"/>
        <line number="82" hits="54" branch="false"/>
        <line number="85" hits="54" branch="false"/>
        <line number="86" hits="54" branch="false"/>
        <line number="89" hits="54" branch="false"/>
        <line number="93" hits="29" branch="false"/>
        <line number="101" hits="27" branch="false"/>
        <line number="105" hits="56" branch="false"/>
        <line number="117" hits="55" branch="false"/>
        <line number="131" hits="49" branch="false"/>
        <line number="147" hits="29" branch="false"/>
        <line number="149" hits="29" branch="false"/>
        <line number="151" hits="29" branch="false"/>
      </lines>
    </class>
    <class name="session-client.ts" filename="src/session-client.ts" line-rate="1" branch-rate="1">
      <methods>
        <method name="(anonymous_7)" hits="34" signature="()V">
          <lines>
            <line number="6" hits="34"/>
          </lines>
        </method>
        <method name="(anonymous_8)" hits="34" signature="()V">
          <lines>
            <line number="7" hits="34"/>
          </lines>
        </method>
        <method name="(anonymous_10)" hits="31" signature="()V">
          <lines>
            <line number="30" hits="31"/>
          </lines>
        </method>
        <method name="(anonymous_11)" hits="31" signature="()V">
          <lines>
            <line number="42" hits="31"/>
          </lines>
        </method>
        <method name="(anonymous_13)" hits="29" signature="()V">
          <lines>
            <line number="73" hits="29"/>
          </lines>
        </method>
        <method name="(anonymous_14)" hits="26" signature="()V">
          <lines>
            <line number="89" hits="26"/>
          </lines>
        </method>
      </methods>
      <lines>
        <line number="5" hits="1" branch="false"/>
        <line number="6" hits="34" branch="false"/>
        <line number="17" hits="34" branch="true" condition-coverage="100% (4/4)"/>
        <line number="18" hits="2" branch="false"/>
        <line number="20" hits="32" branch="true" condition-coverage="100% (2/2)"/>
        <line number="21" hits="1" branch="false"/>
        <line number="24" hits="31" branch="false"/>
        <line number="25" hits="31" branch="false"/>
        <line number="31" hits="31" branch="false"/>
        <line number="35" hits="31" branch="false"/>
        <line number="39" hits="31" branch="false"/>
        <line number="52" hits="31" branch="true" condition-coverage="100% (2/2)"/>
        <line number="53" hits="1" branch="false"/>
        <line number="56" hits="30" branch="true" condition-coverage="100% (2/2)"/>
        <line number="57" hits="1" branch="false"/>
        <line number="60" hits="29" branch="false"/>
        <line number="61" hits="29" branch="false"/>
        <line number="62" hits="29" branch="false"/>
        <line number="63" hits="29" branch="false"/>
        <line number="64" hits="29" branch="false"/>
        <line number="65" hits="29" branch="false"/>
        <line number="66" hits="29" branch="false"/>
        <line number="68" hits="29" branch="false"/>
        <line number="74" hits="29" branch="false"/>
        <line number="78" hits="29" branch="false"/>
        <line number="82" hits="29" branch="false"/>
        <line number="86" hits="29" branch="false"/>
        <line number="90" hits="26" branch="true" condition-coverage="100% (2/2)"/>
        <line number="91" hits="1" branch="false"/>
        <line number="94" hits="25" branch="false"/>
        <line number="100" hits="25" branch="true" condition-coverage="100% (2/2)"/>
        <line number="101" hits="1" branch="false"/>
      </lines>
    </class>
    <class name="session-server.ts" filename="src/session-server.ts" line-rate="1" branch-rate="1">
      <methods>
        <method name="(anonymous_7)" hits="31" signature="()V">
          <lines>
            <line number="8" hits="31"/>
          </lines>
        </method>
        <method name="(anonymous_8)" hits="31" signature="()V">
          <lines>
            <line number="10" hits="31"/>
          </lines>
        </method>
        <method name="(anonymous_10)" hits="31" signature="()V">
          <lines>
            <line number="44" hits="31"/>
          </lines>
        </method>
        <method name="(anonymous_11)" hits="29" signature="()V">
          <lines>
            <line number="71" hits="29"/>
          </lines>
        </method>
        <method name="(anonymous_13)" hits="31" signature="()V">
          <lines>
            <line number="96" hits="31"/>
          </lines>
        </method>
        <method name="(anonymous_15)" hits="31" signature="()V">
          <lines>
            <line number="130" hits="31"/>
          </lines>
        </method>
        <method name="(anonymous_16)" hits="26" signature="()V">
          <lines>
            <line number="142" hits="26"/>
          </lines>
        </method>
      </methods>
      <lines>
        <line number="1" hits="1" branch="false"/>
        <line number="7" hits="1" branch="false"/>
        <line number="8" hits="31" branch="false"/>
        <line number="24" hits="31" branch="false"/>
        <line number="25" hits="31" branch="false"/>
        <line number="26" hits="31" branch="false"/>
        <line number="32" hits="31" branch="false"/>
        <line number="45" hits="31" branch="false"/>
        <line number="49" hits="31" branch="false"/>
        <line number="53" hits="31" branch="false"/>
        <line number="57" hits="31" branch="false"/>
        <line number="61" hits="31" branch="false"/>
        <line number="65" hits="31" branch="false"/>
        <line number="77" hits="29" branch="true" condition-coverage="100% (2/2)"/>
        <line number="78" hits="2" branch="false"/>
        <line number="81" hits="27" branch="true" condition-coverage="100% (2/2)"/>
        <line number="82" hits="1" branch="false"/>
        <line number="85" hits="26" branch="false"/>
        <line number="86" hits="26" branch="false"/>
        <line number="93" hits="26" branch="false"/>
        <line number="106" hits="31" branch="true" condition-coverage="100% (2/2)"/>
        <line number="107" hits="2" branch="false"/>
        <line number="110" hits="29" branch="false"/>
        <line number="112" hits="26" branch="false"/>
        <line number="120" hits="26" branch="true" condition-coverage="100% (2/2)"/>
        <line number="121" hits="2" branch="false"/>
        <line number="124" hits="24" branch="false"/>
        <line number="126" hits="24" branch="false"/>
        <line number="130" hits="1" branch="false"/>
        <line number="136" hits="31" branch="false"/>
        <line number="142" hits="1" branch="false"/>
        <line number="149" hits="26" branch="false"/>
      </lines>
    </class>
    <class name="utils.ts" filename="src/utils.ts" line-rate="1" branch-rate="1">
      <methods>
        <method name="(anonymous_7)" hits="644" signature="()V">
          <lines>
            <line number="5" hits="644"/>
          </lines>
        </method>
        <method name="(anonymous_8)" hits="369" signature="()V">
          <lines>
            <line number="24" hits="369"/>
          </lines>
        </method>
        <method name="(anonymous_9)" hits="34014" signature="()V">
          <lines>
            <line number="27" hits="34014"/>
          </lines>
        </method>
        <method name="stringToArrayBuffer" hits="60" signature="()V">
          <lines>
            <line number="37" hits="60"/>
          </lines>
        </method>
        <method name="(anonymous_11)" hits="239" signature="()V">
          <lines>
            <line number="48" hits="239"/>
          </lines>
        </method>
        <method name="hash" hits="363" signature="()V">
          <lines>
            <line number="62" hits="363"/>
          </lines>
        </method>
        <method name="(anonymous_13)" hits="745" signature="()V">
          <lines>
            <line number="66" hits="745"/>
          </lines>
        </method>
        <method name="hashPadded" hits="117" signature="()V">
          <lines>
            <line number="75" hits="117"/>
          </lines>
        </method>
        <method name="(anonymous_15)" hits="234" signature="()V">
          <lines>
            <line number="80" hits="234"/>
          </lines>
        </method>
        <method name="generateRandomString" hits="80" signature="()V">
          <lines>
            <line number="91" hits="80"/>
          </lines>
        </method>
        <method name="(anonymous_17)" hits="571" signature="()V">
          <lines>
            <line number="95" hits="571"/>
          </lines>
        </method>
        <method name="generateRandomBigInt" hits="88" signature="()V">
          <lines>
            <line number="105" hits="88"/>
          </lines>
        </method>
        <method name="createVerifier" hits="30" signature="()V">
          <lines>
            <line number="109" hits="30"/>
          </lines>
        </method>
        <method name="createVerifierAndSalt" hits="22" signature="()V">
          <lines>
            <line number="137" hits="22"/>
          </lines>
        </method>
        <method name="(anonymous_23)" hits="27" signature="()V">
          <lines>
            <line number="151" hits="27"/>
          </lines>
        </method>
        <method name="(anonymous_24)" hits="27" signature="()V">
          <lines>
            <line number="153" hits="27"/>
          </lines>
        </method>
        <method name="(anonymous_25)" hits="88" signature="()V">
          <lines>
            <line number="156" hits="88"/>
          </lines>
        </method>
      </methods>
      <lines>
        <line number="3" hits="1" branch="false"/>
        <line number="5" hits="1" branch="false"/>
        <line number="6" hits="644" branch="false"/>
        <line number="7" hits="644" branch="false"/>
        <line number="8" hits="644" branch="false"/>
        <line number="9" hits="644" branch="false"/>
        <line number="11" hits="644" branch="true" condition-coverage="100% (2/2)"/>
        <line number="12" hits="129" branch="false"/>
        <line number="13" hits="129" branch="false"/>
        <line number="15" hits="644" branch="false"/>
        <line number="16" hits="117717" branch="false"/>
        <line number="21" hits="644" branch="false"/>
        <line number="24" hits="1" branch="false"/>
        <line number="25" hits="369" branch="false"/>
        <line number="27" hits="369" branch="false"/>
        <line number="28" hits="34014" branch="false"/>
        <line number="30" hits="369" branch="false"/>
        <line number="37" hits="1" branch="false"/>
        <line number="38" hits="60" branch="false"/>
        <line number="48" hits="1" branch="false"/>
        <line number="52" hits="239" branch="false"/>
        <line number="53" hits="239" branch="true" condition-coverage="100% (2/2)"/>
        <line number="54" hits="69" branch="false"/>
        <line number="55" hits="69" branch="false"/>
        <line number="56" hits="69" branch="false"/>
        <line number="57" hits="69" branch="false"/>
        <line number="59" hits="170" branch="false"/>
        <line number="62" hits="1" branch="false"/>
        <line number="66" hits="745" branch="false"/>
        <line number="67" hits="363" branch="false"/>
        <line number="68" hits="363" branch="false"/>
        <line number="69" hits="745" branch="false"/>
        <line number="70" hits="745" branch="false"/>
        <line number="72" hits="363" branch="false"/>
        <line number="75" hits="1" branch="false"/>
        <line number="80" hits="117" branch="false"/>
        <line number="81" hits="234" branch="false"/>
        <line number="83" hits="117" branch="false"/>
        <line number="91" hits="1" branch="true" condition-coverage="100% (1/1)"/>
        <line number="92" hits="80" branch="false"/>
        <line number="93" hits="80" branch="false"/>
        <line number="94" hits="80" branch="false"/>
        <line number="96" hits="571" branch="false"/>
        <line number="97" hits="571" branch="true" condition-coverage="100% (2/2)"/>
        <line number="98" hits="32" branch="false"/>
        <line number="100" hits="539" branch="false"/>
        <line number="105" hits="1" branch="true" condition-coverage="100% (1/1)"/>
        <line number="106" hits="88" branch="false"/>
        <line number="109" hits="1" branch="false"/>
        <line number="115" hits="30" branch="true" condition-coverage="100% (4/4)"/>
        <line number="116" hits="2" branch="false"/>
        <line number="119" hits="28" branch="true" condition-coverage="100% (2/2)"/>
        <line number="120" hits="1" branch="false"/>
        <line number="123" hits="27" branch="true" condition-coverage="100% (2/2)"/>
        <line number="124" hits="1" branch="false"/>
        <line number="127" hits="26" branch="false"/>
        <line number="129" hits="26" branch="false"/>
        <line number="137" hits="1" branch="false"/>
        <line number="143" hits="22" branch="false"/>
        <line number="145" hits="22" branch="false"/>
        <line number="151" hits="1" branch="false"/>
        <line number="153" hits="27" branch="false"/>
        <line number="154" hits="27" branch="false"/>
        <line number="156" hits="1" branch="false"/>
        <line number="157" hits="88" branch="false"/>
        <line number="158" hits="88" branch="false"/>
        <line number="159" hits="88" branch="false"/>
      </lines>
    </class>
  </packages>
</coverage>
